<?xml version="1.0" encoding="UTF-8"?>
<!-- Generated by org.testng.reporters.JUnitReportReporter -->
<testsuite hostname="ranjith-PC" failures="0" tests="1" name="com.bdd.runner.Runner" time="57.808" errors="0" timestamp="2021-11-12T11:26:57 IST" skipped="0">
  <testcase classname="com.bdd.runner.Runner" name="runScenario" time="57.808"/>
  <system-out/>
</testsuite> <!-- com.bdd.runner.Runner -->
